<?xml version="1.0" encoding="UTF-8"?>
<!-- Generated by org.testng.reporters.JUnitXMLReporter -->
<testsuite ignored="0" hostname="DESKTOP-C5NNEHG" failures="1" tests="8" name="Free CRM Test Cases" time="313.277" errors="0" timestamp="2021-02-06T14:54:37 IST">
  <testcase classname="com.QA.tesecases.HomePageTest" name="verifyHomePageTitleTest" time="0.026"/>
  <testcase classname="com.QA.tesecases.HomePageTest" name="verifyUserNameTest" time="0.224"/>
  <testcase classname="com.QA.tesecases.HomePageTest" name="verifyContactsLinkTest" time="5.648"/>
  <testcase classname="com.QA.tesecases.ContactsPageTest" name="verifyContactPageTest" time="0.103"/>
  <testcase classname="com.QA.tesecases.ContactsPageTest" name="selectContact" time="0.071">
    <failure type="org.openqa.selenium.NoSuchElementException" message="no such element: Unable to locate element: {&amp;quot;method&amp;quot;:&amp;quot;xpath&amp;quot;,&amp;quot;selector&amp;quot;:&amp;quot;//a[text()=&amp;apos;Anuja Lad&amp;apos;]//parent::td[@class=&amp;apos;datalistrow&amp;apos;]//preceding-sibling::td[@class=&amp;apos;datalistrow&amp;apos;]//input[@name=&amp;apos;contact_id&amp;apos;]&amp;quot;}
  (Session info: chrome=88.0.4324.146)
For documentation on this error, please visit: https://selenium.dev/exceptions/#no_such_element
Build info: version: &amp;apos;4.0.0-alpha-7&amp;apos;, revision: &amp;apos;de8579b6d5&amp;apos;
System info: host: &amp;apos;DESKTOP-C5NNEHG&amp;apos;, ip: &amp;apos;192.168.43.60&amp;apos;, os.name: &amp;apos;Windows 10&amp;apos;, os.arch: &amp;apos;amd64&amp;apos;, os.version: &amp;apos;10.0&amp;apos;, java.version: &amp;apos;15.0.1&amp;apos;
Driver info: org.openqa.selenium.chrome.ChromeDriver
Capabilities {acceptInsecureCerts: false, browserName: chrome, browserVersion: 88.0.4324.146, chrome: {chromedriverVersion: 87.0.4280.88 (89e2380a3e36c..., userDataDir: C:\Users\GANESH~1\AppData\L...}, goog:chromeOptions: {debuggerAddress: localhost:52453}, javascriptEnabled: true, networkConnectionEnabled: false, pageLoadStrategy: normal, platform: WINDOWS, platformName: WINDOWS, proxy: Proxy(), setWindowRect: true, strictFileInteractability: false, timeouts: {implicit: 0, pageLoad: 300000, script: 30000}, unhandledPromptBehavior: dismiss and notify, webauthn:virtualAuthenticators: true}
Session ID: 2e26931acbfc2d0aebe7e572a191656f
*** Element info: {Using=xpath, value=//a[text()=&amp;apos;Anuja Lad&amp;apos;]//parent::td[@class=&amp;apos;datalistrow&amp;apos;]//preceding-sibling::td[@class=&amp;apos;datalistrow&amp;apos;]//input[@name=&amp;apos;contact_id&amp;apos;]}">
      <![CDATA[org.openqa.selenium.NoSuchElementException: no such element: Unable to locate element: {"method":"xpath","selector":"//a[text()='Anuja Lad']//parent::td[@class='datalistrow']//preceding-sibling::td[@class='datalistrow']//input[@name='contact_id']"}
  (Session info: chrome=88.0.4324.146)
For documentation on this error, please visit: https://selenium.dev/exceptions/#no_such_element
Build info: version: '4.0.0-alpha-7', revision: 'de8579b6d5'
System info: host: 'DESKTOP-C5NNEHG', ip: '192.168.43.60', os.name: 'Windows 10', os.arch: 'amd64', os.version: '10.0', java.version: '15.0.1'
Driver info: org.openqa.selenium.chrome.ChromeDriver
Capabilities {acceptInsecureCerts: false, browserName: chrome, browserVersion: 88.0.4324.146, chrome: {chromedriverVersion: 87.0.4280.88 (89e2380a3e36c..., userDataDir: C:\Users\GANESH~1\AppData\L...}, goog:chromeOptions: {debuggerAddress: localhost:52453}, javascriptEnabled: true, networkConnectionEnabled: false, pageLoadStrategy: normal, platform: WINDOWS, platformName: WINDOWS, proxy: Proxy(), setWindowRect: true, strictFileInteractability: false, timeouts: {implicit: 0, pageLoad: 300000, script: 30000}, unhandledPromptBehavior: dismiss and notify, webauthn:virtualAuthenticators: true}
Session ID: 2e26931acbfc2d0aebe7e572a191656f
*** Element info: {Using=xpath, value=//a[text()='Anuja Lad']//parent::td[@class='datalistrow']//preceding-sibling::td[@class='datalistrow']//input[@name='contact_id']}
at org.openqa.selenium.remote.codec.w3c.W3CHttpResponseCodec.createException(W3CHttpResponseCodec.java:196)
at org.openqa.selenium.remote.codec.w3c.W3CHttpResponseCodec.decode(W3CHttpResponseCodec.java:129)
at org.openqa.selenium.remote.codec.w3c.W3CHttpResponseCodec.decode(W3CHttpResponseCodec.java:53)
at org.openqa.selenium.remote.HttpCommandExecutor.execute(HttpCommandExecutor.java:167)
at org.openqa.selenium.remote.service.DriverCommandExecutor.execute(DriverCommandExecutor.java:123)
at org.openqa.selenium.remote.RemoteWebDriver.execute(RemoteWebDriver.java:501)
at org.openqa.selenium.remote.RemoteWebDriver.findElement(RemoteWebDriver.java:332)
at org.openqa.selenium.By$ByXPath.findElement(By.java:379)
at org.openqa.selenium.remote.RemoteWebDriver.findElement(RemoteWebDriver.java:312)
at com.QA.pages.ContactsPage.selectContactByname(ContactsPage.java:28)
at com.QA.tesecases.ContactsPageTest.selectContact(ContactsPageTest.java:47)
at java.base/java.util.ArrayList.forEach(ArrayList.java:1511)
... Removed 32 stack frames]]>
    </failure>
  </testcase> <!-- selectContact -->
  <testcase classname="com.QA.tesecases.logInTest" name="LoginPageTitleTest" time="0.009"/>
  <testcase classname="com.QA.tesecases.logInTest" name="crmLogoImageTest" time="0.079"/>
  <testcase classname="com.QA.tesecases.logInTest" name="loginPageTest" time="13.593"/>
</testsuite> <!-- Free CRM Test Cases -->
